commit f63e3093dd77ab822bb47a8b80825163d2356827
Author: haritha11d <rahi17@student.bth.se>
Date:   Sun May 31 23:32:31 2020 +0200

    Reformat the files and add bug handlers

commit 503c7c294c26b9e44f4b71909ca7f7f6e187a53f
Author: haritha11d <rahi17@student.bth.se>
Date:   Mon May 25 10:36:14 2020 +0200

    Add code for p3

commit 21ff69e692e2aac00f9655f7178544725e620baf
Author: haritha11d <rahi17@student.bth.se>
Date:   Mon May 25 08:52:25 2020 +0200

    Add code for protocol part 1 and part 2

commit 471adca9a8f1022314da3270309cf4d85de0fbfc
Author: haritha11d <rahi17@student.bth.se>
Date:   Sat May 23 22:41:53 2020 +0200

    README.md

commit 78e08f22e4c162866e444ecc82edf1a9fc19f932
Author: haritha11d <rahi17@student.bth.se>
Date:   Sat May 23 22:36:34 2020 +0200

    Add broadcasting module

commit f16fedfdd571ea090cad610f3f48fc19f6b432e7
Author: haritha11d <rahi17@student.bth.se>
Date:   Sat May 23 22:25:26 2020 +0200

    Add code for handling input

commit 95ccabd622d3b1d0a75f29614f5fb604f19de558
Author: haritha11d <rahi17@student.bth.se>
Date:   Sat May 23 22:19:28 2020 +0200

    minor changes

commit 1712c05d50768ac1d54dfb32aa156dd360b72526
Author: haritha11d <rahi17@student.bth.se>
Date:   Thu May 21 00:45:28 2020 +0200

    Add code for protocol part 3

commit 0dd3d2f79f8efd106ac2a6fb4b888567c5944a4e
Author: haritha11d <rahi17@student.bth.se>
Date:   Thu May 21 00:29:32 2020 +0200

    Add code block for protocol part 2

commit 77172623c4e227215c0a67cbed7c644752fd1012
Author: haritha11d <rahi17@student.bth.se>
Date:   Thu May 21 00:23:00 2020 +0200

    Add receive Hello msg code block

commit 67c588eef1ccbf28467cb3ec28152a20d14e23ef
Author: haritha11d <rahi17@student.bth.se>
Date:   Thu May 21 00:18:36 2020 +0200

    Add try connection code block

commit 1f36bf2164a152d7a81105480d1e811c2e766491
Author: haritha11d <rahi17@student.bth.se>
Date:   Thu May 21 00:05:49 2020 +0200

    No problem with input taking

commit 81cca1dbbad9923658f081286341dbcc3d6559d6
Author: haritha11d <rahi17@student.bth.se>
Date:   Wed May 20 23:58:35 2020 +0200

    Add code for taking input

commit 5642eea9cddebe07c5a4f3efd6cba3c798a3de86
Author: haritha11d <rahi17@student.bth.se>
Date:   Wed May 20 23:40:54 2020 +0200

    Added README
commit 3ab8b3300cbd5898bc1b76883e94ca5456696695
Author: haritha11d <rahi17@student.bth.se>
Date:   Sun May 31 23:36:32 2020 +0200

    Final changes

commit 055567f4d1e4a65917a83141fb2b57899c718520
Author: haritha11d <rahi17@student.bth.se>
Date:   Sun May 31 23:35:10 2020 +0200

    Add git log file

commit f63e3093dd77ab822bb47a8b80825163d2356827
Author: haritha11d <rahi17@student.bth.se>
Date:   Sun May 31 23:32:31 2020 +0200

    Reformat the files and add bug handlers

commit 503c7c294c26b9e44f4b71909ca7f7f6e187a53f
Author: haritha11d <rahi17@student.bth.se>
Date:   Mon May 25 10:36:14 2020 +0200

    Add code for p3

commit 21ff69e692e2aac00f9655f7178544725e620baf
Author: haritha11d <rahi17@student.bth.se>
Date:   Mon May 25 08:52:25 2020 +0200

    Add code for protocol part 1 and part 2

commit 471adca9a8f1022314da3270309cf4d85de0fbfc
Author: haritha11d <rahi17@student.bth.se>
Date:   Sat May 23 22:41:53 2020 +0200

    README.md

commit 78e08f22e4c162866e444ecc82edf1a9fc19f932
Author: haritha11d <rahi17@student.bth.se>
Date:   Sat May 23 22:36:34 2020 +0200

    Add broadcasting module

commit f16fedfdd571ea090cad610f3f48fc19f6b432e7
Author: haritha11d <rahi17@student.bth.se>
Date:   Sat May 23 22:25:26 2020 +0200

    Add code for handling input

commit 95ccabd622d3b1d0a75f29614f5fb604f19de558
Author: haritha11d <rahi17@student.bth.se>
Date:   Sat May 23 22:19:28 2020 +0200

    minor changes

commit 1712c05d50768ac1d54dfb32aa156dd360b72526
Author: haritha11d <rahi17@student.bth.se>
Date:   Thu May 21 00:45:28 2020 +0200

    Add code for protocol part 3

commit 0dd3d2f79f8efd106ac2a6fb4b888567c5944a4e
Author: haritha11d <rahi17@student.bth.se>
Date:   Thu May 21 00:29:32 2020 +0200

    Add code block for protocol part 2

commit 77172623c4e227215c0a67cbed7c644752fd1012
Author: haritha11d <rahi17@student.bth.se>
Date:   Thu May 21 00:23:00 2020 +0200

    Add receive Hello msg code block

commit 67c588eef1ccbf28467cb3ec28152a20d14e23ef
Author: haritha11d <rahi17@student.bth.se>
Date:   Thu May 21 00:18:36 2020 +0200

    Add try connection code block

commit 1f36bf2164a152d7a81105480d1e811c2e766491
Author: haritha11d <rahi17@student.bth.se>
Date:   Thu May 21 00:05:49 2020 +0200

    No problem with input taking

commit 81cca1dbbad9923658f081286341dbcc3d6559d6
Author: haritha11d <rahi17@student.bth.se>
Date:   Wed May 20 23:58:35 2020 +0200

    Add code for taking input

commit 5642eea9cddebe07c5a4f3efd6cba3c798a3de86
Author: haritha11d <rahi17@student.bth.se>
Date:   Wed May 20 23:40:54 2020 +0200

    Added README
